<?xml version="1.0" encoding="UTF-8"?>
<testsuites name="jest tests" tests="26" failures="0" errors="0" time="1.083">
  <testsuite name="PostRepository - Basic Operations" errors="0" failures="0" skipped="0" timestamp="2025-04-15T05:04:27" time="0.976" tests="26">
    <testcase classname="PostRepository - Basic Operations should create the directory if it does not exist" name="PostRepository - Basic Operations should create the directory if it does not exist" time="0.053">
    </testcase>
    <testcase classname="PostRepository - Basic Operations should save posts to a file" name="PostRepository - Basic Operations should save posts to a file" time="0.007">
    </testcase>
    <testcase classname="PostRepository - Basic Operations should handle error when saving to file" name="PostRepository - Basic Operations should handle error when saving to file" time="0.006">
    </testcase>
    <testcase classname="PostRepository - Basic Operations should load posts from a file" name="PostRepository - Basic Operations should load posts from a file" time="0.001">
    </testcase>
    <testcase classname="PostRepository - Basic Operations should handle error when loading from file" name="PostRepository - Basic Operations should handle error when loading from file" time="0.001">
    </testcase>
    <testcase classname="PostRepository - Post Retrieval should retrieve all posts" name="PostRepository - Post Retrieval should retrieve all posts" time="0.009">
    </testcase>
    <testcase classname="PostRepository - Post Retrieval should retrieve posts by title" name="PostRepository - Post Retrieval should retrieve posts by title" time="0.008">
    </testcase>
    <testcase classname="PostRepository - Post Retrieval should retrieve posts by author" name="PostRepository - Post Retrieval should retrieve posts by author" time="0.008">
    </testcase>
    <testcase classname="PostRepository - Post Retrieval should sort posts by rating descending" name="PostRepository - Post Retrieval should sort posts by rating descending" time="0.009">
    </testcase>
    <testcase classname="PostRepository - Post Retrieval should retrieve top-rated posts (limit = 1)" name="PostRepository - Post Retrieval should retrieve top-rated posts (limit = 1)" time="0.007">
    </testcase>
    <testcase classname="PostRepository - Post Retrieval should retrieve top 5 rated posts by default" name="PostRepository - Post Retrieval should retrieve top 5 rated posts by default" time="0.005">
    </testcase>
    <testcase classname="PostRepository - Post Retrieval should retrieve posts by exact rating" name="PostRepository - Post Retrieval should retrieve posts by exact rating" time="0.004">
    </testcase>
    <testcase classname="PostRepository - Post Retrieval should log an error when rating is not a number" name="PostRepository - Post Retrieval should log an error when rating is not a number" time="0.008">
    </testcase>
    <testcase classname="PostRepository - Post Retrieval should retrieve posts by authorId (myPosts)" name="PostRepository - Post Retrieval should retrieve posts by authorId (myPosts)" time="0.008">
    </testcase>
    <testcase classname="PostRepository - Post Retrieval should log error when authorId (value) is missing in &apos;myPosts&apos;" name="PostRepository - Post Retrieval should log error when authorId (value) is missing in &apos;myPosts&apos;" time="0.007">
    </testcase>
    <testcase classname="PostRepository - Post Retrieval should log an error for invalid action" name="PostRepository - Post Retrieval should log an error for invalid action" time="0.004">
    </testcase>
    <testcase classname="PostRepository - Post Manipulation checkPostTitleExistence should return true if post title exists" name="PostRepository - Post Manipulation checkPostTitleExistence should return true if post title exists" time="0.004">
    </testcase>
    <testcase classname="PostRepository - Post Manipulation checkPostTitleExistence should return false if post title does not exist" name="PostRepository - Post Manipulation checkPostTitleExistence should return false if post title does not exist" time="0.008">
    </testcase>
    <testcase classname="PostRepository - Post Manipulation updateData should update post data successfully" name="PostRepository - Post Manipulation updateData should update post data successfully" time="0.009">
    </testcase>
    <testcase classname="PostRepository - Post Manipulation updateData should not update anything if postTitle is not found" name="PostRepository - Post Manipulation updateData should not update anything if postTitle is not found" time="0.007">
    </testcase>
    <testcase classname="PostRepository - Post Manipulation updateData should allow falsy values like 0 or empty string" name="PostRepository - Post Manipulation updateData should allow falsy values like 0 or empty string" time="0.008">
    </testcase>
    <testcase classname="PostRepository - Post Manipulation insertFirstPost should insert post at the beginning" name="PostRepository - Post Manipulation insertFirstPost should insert post at the beginning" time="0.011">
    </testcase>
    <testcase classname="PostRepository - Post Manipulation removeFirstPost should remove the first post" name="PostRepository - Post Manipulation removeFirstPost should remove the first post" time="0.015">
    </testcase>
    <testcase classname="PostRepository - Post Manipulation insertLastPost should insert post at the end" name="PostRepository - Post Manipulation insertLastPost should insert post at the end" time="0.008">
    </testcase>
    <testcase classname="PostRepository - Post Manipulation removeLastPost should remove the last post" name="PostRepository - Post Manipulation removeLastPost should remove the last post" time="0.012">
    </testcase>
    <testcase classname="PostRepository - Post Manipulation removePostsByFilter should remove posts based on the provided filter" name="PostRepository - Post Manipulation removePostsByFilter should remove posts based on the provided filter" time="0.013">
    </testcase>
  </testsuite>
</testsuites>