<?xml version="1.0" encoding="UTF-8"?>
<testsuites name="jest tests" tests="21" failures="0" errors="0" time="0.802">
  <testsuite name="LinkedList Basic Operations" errors="0" failures="0" skipped="0" timestamp="2025-04-15T03:59:13" time="0.704" tests="21">
    <testcase classname="LinkedList Basic Operations should initialize an empty LinkedList" name="LinkedList Basic Operations should initialize an empty LinkedList" time="0.005">
    </testcase>
    <testcase classname="LinkedList Basic Operations insertFirst should add a node at the beginning" name="LinkedList Basic Operations insertFirst should add a node at the beginning" time="0.002">
    </testcase>
    <testcase classname="LinkedList Basic Operations insertLast should add a node at the end" name="LinkedList Basic Operations insertLast should add a node at the end" time="0.001">
    </testcase>
    <testcase classname="LinkedList Basic Operations removeFirst should remove the first node" name="LinkedList Basic Operations removeFirst should remove the first node" time="0">
    </testcase>
    <testcase classname="LinkedList Basic Operations removeFirst should set tail to null when the last node is removed" name="LinkedList Basic Operations removeFirst should set tail to null when the last node is removed" time="0.001">
    </testcase>
    <testcase classname="LinkedList Basic Operations removeFirst should do nothing if the LinkedList is empty" name="LinkedList Basic Operations removeFirst should do nothing if the LinkedList is empty" time="0.001">
    </testcase>
    <testcase classname="LinkedList Basic Operations removeLast should remove the last node" name="LinkedList Basic Operations removeLast should remove the last node" time="0.001">
    </testcase>
    <testcase classname="LinkedList Basic Operations removeLast should set head and tail to null when the last node is removed" name="LinkedList Basic Operations removeLast should set head and tail to null when the last node is removed" time="0.001">
    </testcase>
    <testcase classname="LinkedList Basic Operations removeLast should traverse the list to find the second-to-last node" name="LinkedList Basic Operations removeLast should traverse the list to find the second-to-last node" time="0">
    </testcase>
    <testcase classname="LinkedList Basic Operations removeLast should do nothing if the LinkedList is empty" name="LinkedList Basic Operations removeLast should do nothing if the LinkedList is empty" time="0.001">
    </testcase>
    <testcase classname="LinkedList Higher-Order Methods toArray should convert LinkedList to an array" name="LinkedList Higher-Order Methods toArray should convert LinkedList to an array" time="0.001">
    </testcase>
    <testcase classname="LinkedList Higher-Order Methods map should apply a callback to each node and return a new array" name="LinkedList Higher-Order Methods map should apply a callback to each node and return a new array" time="0">
    </testcase>
    <testcase classname="LinkedList Higher-Order Methods find should return the first node that matches the condition" name="LinkedList Higher-Order Methods find should return the first node that matches the condition" time="0.001">
    </testcase>
    <testcase classname="LinkedList Higher-Order Methods filter should return a new LinkedList with nodes that match the condition" name="LinkedList Higher-Order Methods filter should return a new LinkedList with nodes that match the condition" time="0.001">
    </testcase>
    <testcase classname="LinkedList Higher-Order Methods slice should return a new LinkedList with nodes in the specified range" name="LinkedList Higher-Order Methods slice should return a new LinkedList with nodes in the specified range" time="0.001">
    </testcase>
    <testcase classname="LinkedList Higher-Order Methods forEachNode should skip nodes with null or undefined values" name="LinkedList Higher-Order Methods forEachNode should skip nodes with null or undefined values" time="0.001">
    </testcase>
    <testcase classname="LinkedList Utility Methods should not sort if the LinkedList has less than 2 nodes" name="LinkedList Utility Methods should not sort if the LinkedList has less than 2 nodes" time="0">
    </testcase>
    <testcase classname="LinkedList Utility Methods should sort if the LinkedList has 2 or more nodes" name="LinkedList Utility Methods should sort if the LinkedList has 2 or more nodes" time="0">
    </testcase>
    <testcase classname="LinkedList Utility Methods getNodeValue should return the value at the specified index" name="LinkedList Utility Methods getNodeValue should return the value at the specified index" time="0.041">
    </testcase>
    <testcase classname="LinkedList Utility Methods removeAllNodes should remove all nodes that match the condition" name="LinkedList Utility Methods removeAllNodes should remove all nodes that match the condition" time="0.001">
    </testcase>
    <testcase classname="LinkedList Utility Methods removeAllNodes should set tail to null when all nodes are removed" name="LinkedList Utility Methods removeAllNodes should set tail to null when all nodes are removed" time="0">
    </testcase>
  </testsuite>
</testsuites>