<?xml version="1.0" encoding="UTF-8"?>
<testsuites name="jest tests" tests="8" failures="0" errors="0" time="0.738">
  <testsuite name="undefined" errors="0" failures="0" skipped="0" timestamp="2025-04-20T12:58:52" time="0.664" tests="8">
    <testcase classname=" should create directory if it does not exist" name=" should create directory if it does not exist" time="0.028">
    </testcase>
    <testcase classname=" should not create directory if it already exists" name=" should not create directory if it already exists" time="0.006">
    </testcase>
    <testcase classname=" should save accounts to file" name=" should save accounts to file" time="0.001">
    </testcase>
    <testcase classname=" should load accounts from file" name=" should load accounts from file" time="0">
    </testcase>
    <testcase classname=" should not load accounts if file does not exist" name=" should not load accounts if file does not exist" time="0.001">
    </testcase>
    <testcase classname=" should handle empty or invalid JSON file gracefully" name=" should handle empty or invalid JSON file gracefully" time="0.003">
    </testcase>
    <testcase classname=" should retrieve all accounts" name=" should retrieve all accounts" time="0.001">
    </testcase>
    <testcase classname=" should handle error when creating directory" name=" should handle error when creating directory" time="0.003">
    </testcase>
  </testsuite>
</testsuites>